2020-11-16 10:52:55,405 - mmdet - INFO - Environment info:
------------------------------------------------------------
sys.platform: linux
Python: 3.6.6 (default, Jul 29 2020, 15:34:58) [GCC 5.4.0 20160609]
CUDA available: True
GPU 0,1,2: GeForce GTX 1080 Ti
CUDA_HOME: /usr/local/cuda
NVCC: Cuda compilation tools, release 9.0, V9.0.176
GCC: gcc (Ubuntu 5.4.0-6ubuntu1~16.04.11) 5.4.0 20160609
PyTorch: 1.6.0
PyTorch compiling details: PyTorch built with:
  - GCC 7.3
  - C++ Version: 201402
  - Intel(R) Math Kernel Library Version 2019.0.5 Product Build 20190808 for Intel(R) 64 architecture applications
  - Intel(R) MKL-DNN v1.5.0 (Git Hash e2ac1fac44c5078ca927cb9b90e1b3066a0b2ed0)
  - OpenMP 201511 (a.k.a. OpenMP 4.5)
  - NNPACK is enabled
  - CPU capability usage: AVX2
  - CUDA Runtime 10.2
  - NVCC architecture flags: -gencode;arch=compute_37,code=sm_37;-gencode;arch=compute_50,code=sm_50;-gencode;arch=compute_60,code=sm_60;-gencode;arch=compute_70,code=sm_70;-gencode;arch=compute_75,code=sm_75
  - CuDNN 7.6.5
  - Magma 2.5.2
  - Build settings: BLAS=MKL, BUILD_TYPE=Release, CXX_FLAGS= -Wno-deprecated -fvisibility-inlines-hidden -DUSE_PTHREADPOOL -fopenmp -DNDEBUG -DUSE_FBGEMM -DUSE_QNNPACK -DUSE_PYTORCH_QNNPACK -DUSE_XNNPACK -DUSE_VULKAN_WRAPPER -O2 -fPIC -Wno-narrowing -Wall -Wextra -Werror=return-type -Wno-missing-field-initializers -Wno-type-limits -Wno-array-bounds -Wno-unknown-pragmas -Wno-sign-compare -Wno-unused-parameter -Wno-unused-variable -Wno-unused-function -Wno-unused-result -Wno-unused-local-typedefs -Wno-strict-overflow -Wno-strict-aliasing -Wno-error=deprecated-declarations -Wno-stringop-overflow -Wno-error=pedantic -Wno-error=redundant-decls -Wno-error=old-style-cast -fdiagnostics-color=always -faligned-new -Wno-unused-but-set-variable -Wno-maybe-uninitialized -fno-math-errno -fno-trapping-math -Werror=format -Wno-stringop-overflow, PERF_WITH_AVX=1, PERF_WITH_AVX2=1, PERF_WITH_AVX512=1, USE_CUDA=ON, USE_EXCEPTION_PTR=1, USE_GFLAGS=OFF, USE_GLOG=OFF, USE_MKL=ON, USE_MKLDNN=ON, USE_MPI=OFF, USE_NCCL=ON, USE_NNPACK=ON, USE_OPENMP=ON, USE_STATIC_DISPATCH=OFF, 

TorchVision: 0.7.0
OpenCV: 4.3.0
MMCV: 1.1.5
MMCV Compiler: GCC 5.4
MMCV CUDA Compiler: 9.0
MMDetection: 2.5.0+
------------------------------------------------------------

2020-11-16 10:52:55,970 - mmdet - INFO - Distributed training: True
2020-11-16 10:52:56,526 - mmdet - INFO - Config:
stage = 1
model = dict(
    type='SEGRCNN',
    pretrained='torchvision://resnet50',
    stage=1,
    backbone=dict(
        type='ResNet',
        depth=50,
        num_stages=4,
        out_indices=(0, 1, 2, 3),
        frozen_stages=1,
        norm_cfg=dict(type='BN', requires_grad=True),
        norm_eval=True,
        style='pytorch'),
    neck=dict(
        type='FPN',
        in_channels=[256, 512, 1024, 2048],
        out_channels=256,
        num_outs=5),
    rpn_head=dict(
        type='SEGRPNHead',
        num_classes=20,
        in_channels=256,
        loss_seg=dict(
            type='CrossEntropyLoss', use_sigmoid=True, loss_weight=1.0),
        feat_channels=256,
        anchor_generator=dict(
            type='AnchorGenerator',
            scales=[8],
            ratios=[0.5, 1.0, 2.0],
            strides=[4, 8, 16, 32, 64]),
        bbox_coder=dict(
            type='DeltaXYWHBBoxCoder',
            target_means=[0.0, 0.0, 0.0, 0.0],
            target_stds=[1.0, 1.0, 1.0, 1.0]),
        loss_cls=dict(
            type='CrossEntropyLoss', use_sigmoid=True, loss_weight=1.0),
        loss_bbox=dict(type='L1Loss', loss_weight=1.0)),
    roi_head=dict(
        type='StandardRoIHead',
        bbox_roi_extractor=dict(
            type='SingleRoIExtractor',
            roi_layer=dict(type='RoIAlign', output_size=7, sampling_ratio=0),
            out_channels=256,
            featmap_strides=[4, 8, 16, 32]),
        bbox_head=dict(
            type='Shared2FCBBoxHead',
            in_channels=256,
            fc_out_channels=1024,
            roi_feat_size=7,
            num_classes=20,
            bbox_coder=dict(
                type='DeltaXYWHBBoxCoder',
                target_means=[0.0, 0.0, 0.0, 0.0],
                target_stds=[0.1, 0.1, 0.2, 0.2]),
            reg_class_agnostic=False,
            loss_cls=dict(
                type='CrossEntropyLoss', use_sigmoid=False, loss_weight=1.0),
            loss_bbox=dict(type='L1Loss', loss_weight=1.0))))
train_cfg = dict(
    rpn=dict(
        assigner=dict(
            type='MaxIoUAssigner',
            pos_iou_thr=0.7,
            neg_iou_thr=0.3,
            min_pos_iou=0.3,
            match_low_quality=True,
            ignore_iof_thr=-1),
        sampler=dict(
            type='RandomSampler',
            num=256,
            pos_fraction=0.5,
            neg_pos_ub=-1,
            add_gt_as_proposals=False),
        allowed_border=-1,
        pos_weight=-1,
        debug=False),
    rpn_proposal=dict(
        nms_across_levels=False,
        nms_pre=2000,
        nms_post=1000,
        max_num=1000,
        nms_thr=0.7,
        min_bbox_size=0),
    rcnn=dict(
        assigner=dict(
            type='MaxIoUAssigner',
            pos_iou_thr=0.5,
            neg_iou_thr=0.5,
            min_pos_iou=0.5,
            match_low_quality=False,
            ignore_iof_thr=-1),
        sampler=dict(
            type='RandomSampler',
            num=512,
            pos_fraction=0.25,
            neg_pos_ub=-1,
            add_gt_as_proposals=True),
        pos_weight=-1,
        debug=False))
test_cfg = dict(
    rpn=dict(
        nms_across_levels=False,
        nms_pre=1000,
        nms_post=1000,
        max_num=1000,
        nms_thr=0.7,
        min_bbox_size=0),
    rcnn=dict(
        score_thr=0.05,
        nms=dict(type='nms', iou_threshold=0.5),
        max_per_img=100))
dataset_type = 'SELFVOC'
data_root = '/data/zy/dataset/voc/'
img_norm_cfg = dict(
    mean=[123.675, 116.28, 103.53], std=[58.395, 57.12, 57.375], to_rgb=True)
train_pipeline = [
    dict(type='LoadImageFromFile'),
    dict(type='LoadAnnotations', with_bbox=True),
    dict(type='Resize', img_scale=(1333, 800), keep_ratio=True),
    dict(type='RandomFlip', flip_ratio=0.5),
    dict(
        type='Normalize',
        mean=[123.675, 116.28, 103.53],
        std=[58.395, 57.12, 57.375],
        to_rgb=True),
    dict(type='Pad', size_divisor=32),
    dict(type='DefaultFormatBundle'),
    dict(type='Collect', keys=['img', 'gt_bboxes', 'gt_labels'])
]
test_pipeline = [
    dict(type='LoadImageFromFile'),
    dict(
        type='MultiScaleFlipAug',
        img_scale=(1333, 800),
        flip=False,
        transforms=[
            dict(type='Resize', keep_ratio=True),
            dict(type='RandomFlip'),
            dict(
                type='Normalize',
                mean=[123.675, 116.28, 103.53],
                std=[58.395, 57.12, 57.375],
                to_rgb=True),
            dict(type='Pad', size_divisor=32),
            dict(type='ImageToTensor', keys=['img']),
            dict(type='Collect', keys=['img'])
        ])
]
data = dict(
    samples_per_gpu=3,
    workers_per_gpu=0,
    train=dict(
        type='SELFVOC',
        ann_file='train.txt',
        img_prefix='',
        data_root='/data/zy/dataset/voc/',
        pipeline=[
            dict(type='LoadImageFromFile'),
            dict(type='LoadAnnotations', with_bbox=True),
            dict(type='Resize', img_scale=(1333, 800), keep_ratio=True),
            dict(type='RandomFlip', flip_ratio=0.5),
            dict(
                type='Normalize',
                mean=[123.675, 116.28, 103.53],
                std=[58.395, 57.12, 57.375],
                to_rgb=True),
            dict(type='Pad', size_divisor=32),
            dict(type='DefaultFormatBundle'),
            dict(type='Collect', keys=['img', 'gt_bboxes', 'gt_labels'])
        ]),
    val=dict(
        type='SELFVOC',
        ann_file='val.txt',
        img_prefix='',
        data_root='/data/zy/dataset/voc/',
        pipeline=[
            dict(type='LoadImageFromFile'),
            dict(
                type='MultiScaleFlipAug',
                img_scale=(1333, 800),
                flip=False,
                transforms=[
                    dict(type='Resize', keep_ratio=True),
                    dict(type='RandomFlip'),
                    dict(
                        type='Normalize',
                        mean=[123.675, 116.28, 103.53],
                        std=[58.395, 57.12, 57.375],
                        to_rgb=True),
                    dict(type='Pad', size_divisor=32),
                    dict(type='ImageToTensor', keys=['img']),
                    dict(type='Collect', keys=['img'])
                ])
        ]),
    test=dict(
        type='SELFVOC',
        ann_file='val.txt',
        img_prefix='',
        data_root='/data/zy/dataset/voc/',
        pipeline=[
            dict(type='LoadImageFromFile'),
            dict(
                type='MultiScaleFlipAug',
                img_scale=(1333, 800),
                flip=False,
                transforms=[
                    dict(type='Resize', keep_ratio=True),
                    dict(type='RandomFlip'),
                    dict(
                        type='Normalize',
                        mean=[123.675, 116.28, 103.53],
                        std=[58.395, 57.12, 57.375],
                        to_rgb=True),
                    dict(type='Pad', size_divisor=32),
                    dict(type='ImageToTensor', keys=['img']),
                    dict(type='Collect', keys=['img'])
                ])
        ]))
evaluation = dict(interval=1, metric='mAP')
optimizer = dict(type='SGD', lr=0.01, momentum=0.9, weight_decay=0.0001)
optimizer_config = dict(grad_clip=dict(max_norm=35, norm_type=2))
lr_config = dict(
    policy='step',
    warmup='linear',
    warmup_iters=500,
    warmup_ratio=0.001,
    step=[8, 11])
total_epochs = 12
checkpoint_config = dict(interval=1)
log_config = dict(interval=1, hooks=[dict(type='TextLoggerHook')])
dist_params = dict(backend='nccl')
log_level = 'INFO'
load_from = 'checkpoints/faster_rcnn_r50_fpn_1x_coco_20200130-047c8118.pth'
resume_from = None
workflow = [('train', 1)]
work_dir = './exps/segRCNN/r50_sup_seg/'
seed = 0
gpu_ids = range(0, 1)

2020-11-16 10:52:56,945 - mmdet - INFO - load model from: torchvision://resnet50
2020-11-16 10:53:00,114 - mmdet - WARNING - The model and loaded state dict do not match exactly

unexpected key in source state_dict: fc.weight, fc.bias

2020-11-16 10:53:01,134 - mmdet - INFO - load checkpoint from checkpoints/faster_rcnn_r50_fpn_1x_coco_20200130-047c8118.pth
2020-11-16 10:53:01,288 - mmdet - WARNING - The model and loaded state dict do not match exactly

size mismatch for roi_head.bbox_head.fc_cls.weight: copying a param with shape torch.Size([81, 1024]) from checkpoint, the shape in current model is torch.Size([21, 1024]).
size mismatch for roi_head.bbox_head.fc_cls.bias: copying a param with shape torch.Size([81]) from checkpoint, the shape in current model is torch.Size([21]).
size mismatch for roi_head.bbox_head.fc_reg.weight: copying a param with shape torch.Size([320, 1024]) from checkpoint, the shape in current model is torch.Size([80, 1024]).
size mismatch for roi_head.bbox_head.fc_reg.bias: copying a param with shape torch.Size([320]) from checkpoint, the shape in current model is torch.Size([80]).
unexpected key in source state_dict: rpn_head.rpn_conv.weight, rpn_head.rpn_conv.bias

missing keys in source state_dict: rpn_head.rpn_conv1.weight, rpn_head.rpn_conv1.bias, rpn_head.rpn_conv2.weight, rpn_head.rpn_conv2.bias, rpn_head.rpn_seg.weight, rpn_head.rpn_seg.bias

2020-11-16 10:53:01,293 - mmdet - INFO - Start running, host: root@7d231684d4ce, work_dir: /data/zy/mmdetection/exps/segRCNN/r50_sup_seg
2020-11-16 10:53:01,293 - mmdet - INFO - workflow: [('train', 1)], max: 12 epochs
2020-11-16 10:53:04,503 - mmdet - INFO - Epoch [1][1/1072]	lr: 1.000e-05, eta: 11:26:32, time: 3.202, data_time: 2.407, memory: 5228, loss_rpn_cls: 0.2573, loss_rpn_bbox: 0.0326, loss_rpn_seg: 3.3815, loss_cls: 3.0379, acc: 1.2153, loss_bbox: 0.0493, loss: 6.7586, grad_norm: 14.2170
2020-11-16 10:53:05,428 - mmdet - INFO - Epoch [1][2/1072]	lr: 2.998e-05, eta: 7:22:42, time: 0.928, data_time: 0.201, memory: 5494, loss_rpn_cls: 0.2755, loss_rpn_bbox: 0.0513, loss_rpn_seg: 3.3942, loss_cls: 3.0291, acc: 1.6710, loss_bbox: 0.0142, loss: 6.7643, grad_norm: 14.6610
2020-11-16 10:53:06,258 - mmdet - INFO - Epoch [1][3/1072]	lr: 4.996e-05, eta: 5:54:25, time: 0.830, data_time: 0.171, memory: 5494, loss_rpn_cls: 0.2593, loss_rpn_bbox: 0.0479, loss_rpn_seg: 3.3783, loss_cls: 3.0156, acc: 1.6493, loss_bbox: 0.0262, loss: 6.7274, grad_norm: 14.5513
2020-11-16 10:53:07,113 - mmdet - INFO - Epoch [1][4/1072]	lr: 6.994e-05, eta: 5:11:22, time: 0.850, data_time: 0.177, memory: 5494, loss_rpn_cls: 0.2553, loss_rpn_bbox: 0.0803, loss_rpn_seg: 3.3458, loss_cls: 3.0014, acc: 2.7561, loss_bbox: 0.0310, loss: 6.7139, grad_norm: 14.6755
2020-11-16 10:53:07,944 - mmdet - INFO - Epoch [1][5/1072]	lr: 8.992e-05, eta: 4:44:47, time: 0.833, data_time: 0.190, memory: 5494, loss_rpn_cls: 0.2284, loss_rpn_bbox: 0.0338, loss_rpn_seg: 3.3253, loss_cls: 2.9873, acc: 3.9714, loss_bbox: 0.0139, loss: 6.5886, grad_norm: 14.8753
2020-11-16 10:53:08,802 - mmdet - INFO - Epoch [1][6/1072]	lr: 1.099e-04, eta: 4:27:55, time: 0.857, data_time: 0.145, memory: 5494, loss_rpn_cls: 0.2437, loss_rpn_bbox: 0.0631, loss_rpn_seg: 3.3028, loss_cls: 2.9855, acc: 4.7309, loss_bbox: 0.0239, loss: 6.6190, grad_norm: 14.3617
2020-11-16 10:53:09,677 - mmdet - INFO - Epoch [1][7/1072]	lr: 1.299e-04, eta: 4:16:29, time: 0.878, data_time: 0.174, memory: 5602, loss_rpn_cls: 0.2065, loss_rpn_bbox: 0.0560, loss_rpn_seg: 3.2456, loss_cls: 2.9489, acc: 14.1710, loss_bbox: 0.0232, loss: 6.4802, grad_norm: 13.8562
2020-11-16 10:53:10,530 - mmdet - INFO - Epoch [1][8/1072]	lr: 1.499e-04, eta: 4:07:08, time: 0.849, data_time: 0.175, memory: 5602, loss_rpn_cls: 0.1851, loss_rpn_bbox: 0.0483, loss_rpn_seg: 3.1373, loss_cls: 2.9048, acc: 38.0208, loss_bbox: 0.0463, loss: 6.3219, grad_norm: 14.0419
2020-11-16 10:53:11,398 - mmdet - INFO - Epoch [1][9/1072]	lr: 1.698e-04, eta: 4:00:26, time: 0.872, data_time: 0.177, memory: 5602, loss_rpn_cls: 0.1737, loss_rpn_bbox: 0.0879, loss_rpn_seg: 3.0797, loss_cls: 2.8405, acc: 63.1293, loss_bbox: 0.0323, loss: 6.2142, grad_norm: 13.2905
2020-11-16 10:53:12,301 - mmdet - INFO - Epoch [1][10/1072]	lr: 1.898e-04, eta: 3:55:33, time: 0.895, data_time: 0.163, memory: 5602, loss_rpn_cls: 0.1606, loss_rpn_bbox: 0.0496, loss_rpn_seg: 3.0052, loss_cls: 2.7990, acc: 76.1285, loss_bbox: 0.0353, loss: 6.0497, grad_norm: 12.8627
2020-11-16 10:53:13,249 - mmdet - INFO - Epoch [1][11/1072]	lr: 2.098e-04, eta: 3:52:41, time: 0.953, data_time: 0.204, memory: 5984, loss_rpn_cls: 0.1312, loss_rpn_bbox: 0.0321, loss_rpn_seg: 2.8973, loss_cls: 2.7360, acc: 83.6589, loss_bbox: 0.0605, loss: 5.8572, grad_norm: 12.6454
2020-11-16 10:53:14,173 - mmdet - INFO - Epoch [1][12/1072]	lr: 2.298e-04, eta: 3:49:47, time: 0.925, data_time: 0.169, memory: 5984, loss_rpn_cls: 0.1235, loss_rpn_bbox: 0.0949, loss_rpn_seg: 2.7557, loss_cls: 2.6239, acc: 95.6163, loss_bbox: 0.0495, loss: 5.6476, grad_norm: 12.7063
2020-11-16 10:53:15,059 - mmdet - INFO - Epoch [1][13/1072]	lr: 2.498e-04, eta: 3:46:43, time: 0.887, data_time: 0.185, memory: 5984, loss_rpn_cls: 0.1091, loss_rpn_bbox: 0.0247, loss_rpn_seg: 2.6438, loss_cls: 2.5424, acc: 94.8568, loss_bbox: 0.1194, loss: 5.4395, grad_norm: 13.1521
2020-11-16 10:53:15,893 - mmdet - INFO - Epoch [1][14/1072]	lr: 2.697e-04, eta: 3:43:15, time: 0.834, data_time: 0.168, memory: 5984, loss_rpn_cls: 0.1047, loss_rpn_bbox: 0.0434, loss_rpn_seg: 2.5044, loss_cls: 2.4643, acc: 95.8767, loss_bbox: 0.1125, loss: 5.2292, grad_norm: 12.1037
2020-11-16 10:53:16,729 - mmdet - INFO - Epoch [1][15/1072]	lr: 2.897e-04, eta: 3:40:14, time: 0.832, data_time: 0.153, memory: 5984, loss_rpn_cls: 0.0798, loss_rpn_bbox: 0.0481, loss_rpn_seg: 2.2870, loss_cls: 2.2033, acc: 98.1120, loss_bbox: 0.0599, loss: 4.6781, grad_norm: 13.1266
2020-11-16 10:53:17,519 - mmdet - INFO - Epoch [1][16/1072]	lr: 3.097e-04, eta: 3:37:04, time: 0.793, data_time: 0.151, memory: 5984, loss_rpn_cls: 0.0621, loss_rpn_bbox: 0.0372, loss_rpn_seg: 2.1012, loss_cls: 2.0758, acc: 98.1771, loss_bbox: 0.0713, loss: 4.3476, grad_norm: 13.0544
2020-11-16 10:53:18,428 - mmdet - INFO - Epoch [1][17/1072]	lr: 3.297e-04, eta: 3:35:45, time: 0.911, data_time: 0.169, memory: 5984, loss_rpn_cls: 0.0782, loss_rpn_bbox: 0.0367, loss_rpn_seg: 1.9649, loss_cls: 1.8996, acc: 96.8967, loss_bbox: 0.1101, loss: 4.0894, grad_norm: 13.5796
2020-11-16 10:53:19,415 - mmdet - INFO - Epoch [1][18/1072]	lr: 3.497e-04, eta: 3:35:28, time: 0.986, data_time: 0.207, memory: 5984, loss_rpn_cls: 0.0578, loss_rpn_bbox: 0.0368, loss_rpn_seg: 1.7635, loss_cls: 1.6675, acc: 97.8950, loss_bbox: 0.0697, loss: 3.5951, grad_norm: 13.0237
2020-11-16 10:53:20,358 - mmdet - INFO - Epoch [1][19/1072]	lr: 3.696e-04, eta: 3:34:45, time: 0.944, data_time: 0.190, memory: 5984, loss_rpn_cls: 0.0479, loss_rpn_bbox: 0.0449, loss_rpn_seg: 1.6019, loss_cls: 1.3489, acc: 97.7431, loss_bbox: 0.0861, loss: 3.1297, grad_norm: 12.9985
2020-11-16 10:53:21,260 - mmdet - INFO - Epoch [1][20/1072]	lr: 3.896e-04, eta: 3:33:37, time: 0.899, data_time: 0.184, memory: 5984, loss_rpn_cls: 0.0471, loss_rpn_bbox: 0.0529, loss_rpn_seg: 1.3454, loss_cls: 1.1662, acc: 95.1606, loss_bbox: 0.1761, loss: 2.7878, grad_norm: 12.3331
2020-11-16 10:53:22,110 - mmdet - INFO - Epoch [1][21/1072]	lr: 4.096e-04, eta: 3:32:04, time: 0.846, data_time: 0.159, memory: 5984, loss_rpn_cls: 0.0405, loss_rpn_bbox: 0.0540, loss_rpn_seg: 1.1859, loss_cls: 0.8407, acc: 98.4592, loss_bbox: 0.0565, loss: 2.1776, grad_norm: 12.5795
2020-11-16 10:53:23,010 - mmdet - INFO - Epoch [1][22/1072]	lr: 4.296e-04, eta: 3:31:10, time: 0.900, data_time: 0.181, memory: 5984, loss_rpn_cls: 0.0339, loss_rpn_bbox: 0.0752, loss_rpn_seg: 0.8167, loss_cls: 0.5251, acc: 97.6346, loss_bbox: 0.0905, loss: 1.5414, grad_norm: 9.7212
2020-11-16 10:53:23,917 - mmdet - INFO - Epoch [1][23/1072]	lr: 4.496e-04, eta: 3:30:27, time: 0.912, data_time: 0.168, memory: 5984, loss_rpn_cls: 0.0331, loss_rpn_bbox: 0.0265, loss_rpn_seg: 0.7076, loss_cls: 0.3971, acc: 96.3759, loss_bbox: 0.1330, loss: 1.2972, grad_norm: 8.0647
2020-11-16 10:53:24,822 - mmdet - INFO - Epoch [1][24/1072]	lr: 4.695e-04, eta: 3:29:43, time: 0.904, data_time: 0.166, memory: 5984, loss_rpn_cls: 0.0383, loss_rpn_bbox: 0.0875, loss_rpn_seg: 0.6098, loss_cls: 0.3945, acc: 94.9653, loss_bbox: 0.1819, loss: 1.3120, grad_norm: 7.0047
2020-11-16 10:53:25,735 - mmdet - INFO - Epoch [1][25/1072]	lr: 4.895e-04, eta: 3:29:09, time: 0.915, data_time: 0.181, memory: 5984, loss_rpn_cls: 0.0214, loss_rpn_bbox: 0.0879, loss_rpn_seg: 0.3696, loss_cls: 0.4373, acc: 96.6363, loss_bbox: 0.1280, loss: 1.0442, grad_norm: 4.8378
2020-11-16 10:53:26,646 - mmdet - INFO - Epoch [1][26/1072]	lr: 5.095e-04, eta: 3:28:35, time: 0.911, data_time: 0.164, memory: 5984, loss_rpn_cls: 0.0097, loss_rpn_bbox: 0.0741, loss_rpn_seg: 0.2234, loss_cls: 0.3344, acc: 97.5477, loss_bbox: 0.0958, loss: 0.7374, grad_norm: 3.3810
2020-11-16 10:53:27,548 - mmdet - INFO - Epoch [1][27/1072]	lr: 5.295e-04, eta: 3:27:57, time: 0.897, data_time: 0.206, memory: 5984, loss_rpn_cls: 0.0053, loss_rpn_bbox: 0.0120, loss_rpn_seg: 0.1744, loss_cls: 0.1677, acc: 98.3290, loss_bbox: 0.0648, loss: 0.4242, grad_norm: 2.9302
2020-11-16 10:53:28,456 - mmdet - INFO - Epoch [1][28/1072]	lr: 5.495e-04, eta: 3:27:29, time: 0.913, data_time: 0.204, memory: 5984, loss_rpn_cls: 0.0097, loss_rpn_bbox: 0.1463, loss_rpn_seg: 0.1088, loss_cls: 0.3470, acc: 98.1554, loss_bbox: 0.0719, loss: 0.6837, grad_norm: 2.8319
2020-11-16 10:53:29,344 - mmdet - INFO - Epoch [1][29/1072]	lr: 5.694e-04, eta: 3:26:50, time: 0.883, data_time: 0.141, memory: 5984, loss_rpn_cls: 0.0066, loss_rpn_bbox: 0.0364, loss_rpn_seg: 0.0685, loss_cls: 0.4098, acc: 96.2240, loss_bbox: 0.1524, loss: 0.6737, grad_norm: 1.9576
2020-11-16 10:53:30,198 - mmdet - INFO - Epoch [1][30/1072]	lr: 5.894e-04, eta: 3:26:00, time: 0.853, data_time: 0.151, memory: 5984, loss_rpn_cls: 0.0029, loss_rpn_bbox: 0.0241, loss_rpn_seg: 0.0606, loss_cls: 0.4760, acc: 96.0504, loss_bbox: 0.1499, loss: 0.7135, grad_norm: 2.0721
2020-11-16 10:53:31,086 - mmdet - INFO - Epoch [1][31/1072]	lr: 6.094e-04, eta: 3:25:28, time: 0.889, data_time: 0.161, memory: 5984, loss_rpn_cls: 0.0041, loss_rpn_bbox: 0.0456, loss_rpn_seg: 0.0432, loss_cls: 0.5443, acc: 97.3090, loss_bbox: 0.0955, loss: 0.7326, grad_norm: 1.7200
2020-11-16 10:53:32,015 - mmdet - INFO - Epoch [1][32/1072]	lr: 6.294e-04, eta: 3:25:17, time: 0.934, data_time: 0.182, memory: 5984, loss_rpn_cls: 0.0025, loss_rpn_bbox: 0.0501, loss_rpn_seg: 0.0193, loss_cls: 0.8428, acc: 96.4844, loss_bbox: 0.1283, loss: 1.0430, grad_norm: 3.1963
2020-11-16 10:53:32,915 - mmdet - INFO - Epoch [1][33/1072]	lr: 6.494e-04, eta: 3:24:51, time: 0.896, data_time: 0.197, memory: 5984, loss_rpn_cls: 0.0011, loss_rpn_bbox: 0.0699, loss_rpn_seg: nan, loss_cls: 0.4307, acc: 97.0703, loss_bbox: 0.1201, loss: nan, grad_norm: nan
2020-11-16 10:53:33,824 - mmdet - INFO - Epoch [1][34/1072]	lr: 6.693e-04, eta: 3:24:33, time: 0.913, data_time: 0.208, memory: 5984, loss_rpn_cls: nan, loss_rpn_bbox: nan, loss_rpn_seg: nan, loss_cls: nan, acc: 33.0512, loss_bbox: nan, loss: nan, grad_norm: nan
2020-11-16 10:53:34,629 - mmdet - INFO - Epoch [1][35/1072]	lr: 6.893e-04, eta: 3:23:37, time: 0.805, data_time: 0.188, memory: 5984, loss_rpn_cls: nan, loss_rpn_bbox: nan, loss_rpn_seg: nan, loss_cls: nan, acc: 0.0000, loss_bbox: nan, loss: nan, grad_norm: nan
2020-11-16 10:53:35,449 - mmdet - INFO - Epoch [1][36/1072]	lr: 7.093e-04, eta: 3:22:49, time: 0.820, data_time: 0.134, memory: 5984, loss_rpn_cls: nan, loss_rpn_bbox: nan, loss_rpn_seg: nan, loss_cls: nan, acc: 0.0217, loss_bbox: nan, loss: nan, grad_norm: nan
2020-11-16 10:53:36,236 - mmdet - INFO - Epoch [1][37/1072]	lr: 7.293e-04, eta: 3:21:51, time: 0.787, data_time: 0.173, memory: 5984, loss_rpn_cls: nan, loss_rpn_bbox: nan, loss_rpn_seg: nan, loss_cls: nan, acc: 0.0000, loss_bbox: nan, loss: nan, grad_norm: nan
2020-11-16 10:53:37,043 - mmdet - INFO - Epoch [1][38/1072]	lr: 7.493e-04, eta: 3:21:04, time: 0.806, data_time: 0.146, memory: 5984, loss_rpn_cls: nan, loss_rpn_bbox: nan, loss_rpn_seg: nan, loss_cls: nan, acc: 0.0434, loss_bbox: nan, loss: nan, grad_norm: nan
2020-11-16 10:53:37,825 - mmdet - INFO - Epoch [1][39/1072]	lr: 7.692e-04, eta: 3:20:11, time: 0.783, data_time: 0.143, memory: 5984, loss_rpn_cls: nan, loss_rpn_bbox: nan, loss_rpn_seg: nan, loss_cls: nan, acc: 0.0434, loss_bbox: nan, loss: nan, grad_norm: nan
2020-11-16 10:53:38,693 - mmdet - INFO - Epoch [1][40/1072]	lr: 7.892e-04, eta: 3:19:48, time: 0.868, data_time: 0.145, memory: 5984, loss_rpn_cls: nan, loss_rpn_bbox: nan, loss_rpn_seg: nan, loss_cls: nan, acc: 0.0000, loss_bbox: nan, loss: nan, grad_norm: nan
2020-11-16 10:53:39,581 - mmdet - INFO - Epoch [1][41/1072]	lr: 8.092e-04, eta: 3:19:33, time: 0.888, data_time: 0.188, memory: 5984, loss_rpn_cls: nan, loss_rpn_bbox: nan, loss_rpn_seg: nan, loss_cls: nan, acc: 0.0000, loss_bbox: nan, loss: nan, grad_norm: nan
2020-11-16 10:53:40,456 - mmdet - INFO - Epoch [1][42/1072]	lr: 8.292e-04, eta: 3:19:14, time: 0.875, data_time: 0.154, memory: 5984, loss_rpn_cls: nan, loss_rpn_bbox: nan, loss_rpn_seg: nan, loss_cls: nan, acc: 0.0000, loss_bbox: nan, loss: nan, grad_norm: nan
2020-11-16 10:53:41,305 - mmdet - INFO - Epoch [1][43/1072]	lr: 8.492e-04, eta: 3:18:48, time: 0.850, data_time: 0.152, memory: 5984, loss_rpn_cls: nan, loss_rpn_bbox: nan, loss_rpn_seg: nan, loss_cls: nan, acc: 0.0000, loss_bbox: nan, loss: nan, grad_norm: nan
2020-11-16 10:53:42,172 - mmdet - INFO - Epoch [1][44/1072]	lr: 8.691e-04, eta: 3:18:29, time: 0.867, data_time: 0.185, memory: 5984, loss_rpn_cls: nan, loss_rpn_bbox: nan, loss_rpn_seg: nan, loss_cls: nan, acc: 0.0000, loss_bbox: nan, loss: nan, grad_norm: nan
2020-11-16 10:53:42,998 - mmdet - INFO - Epoch [1][45/1072]	lr: 8.891e-04, eta: 3:17:58, time: 0.826, data_time: 0.158, memory: 5984, loss_rpn_cls: nan, loss_rpn_bbox: nan, loss_rpn_seg: nan, loss_cls: nan, acc: 0.0000, loss_bbox: nan, loss: nan, grad_norm: nan
2020-11-16 10:53:43,819 - mmdet - INFO - Epoch [1][46/1072]	lr: 9.091e-04, eta: 3:17:28, time: 0.821, data_time: 0.156, memory: 5984, loss_rpn_cls: nan, loss_rpn_bbox: nan, loss_rpn_seg: nan, loss_cls: nan, acc: 0.0000, loss_bbox: nan, loss: nan, grad_norm: nan
2020-11-16 10:53:44,637 - mmdet - INFO - Epoch [1][47/1072]	lr: 9.291e-04, eta: 3:16:58, time: 0.818, data_time: 0.195, memory: 5984, loss_rpn_cls: nan, loss_rpn_bbox: nan, loss_rpn_seg: nan, loss_cls: nan, acc: 0.0000, loss_bbox: nan, loss: nan, grad_norm: nan
2020-11-16 10:53:45,527 - mmdet - INFO - Epoch [1][48/1072]	lr: 9.491e-04, eta: 3:16:47, time: 0.884, data_time: 0.191, memory: 5984, loss_rpn_cls: nan, loss_rpn_bbox: nan, loss_rpn_seg: nan, loss_cls: nan, acc: 0.0000, loss_bbox: nan, loss: nan, grad_norm: nan
2020-11-16 10:53:46,347 - mmdet - INFO - Epoch [1][49/1072]	lr: 9.690e-04, eta: 3:16:21, time: 0.826, data_time: 0.193, memory: 5984, loss_rpn_cls: nan, loss_rpn_bbox: nan, loss_rpn_seg: nan, loss_cls: nan, acc: 0.0217, loss_bbox: nan, loss: nan, grad_norm: nan
2020-11-16 10:53:47,143 - mmdet - INFO - Epoch [1][50/1072]	lr: 9.890e-04, eta: 3:15:47, time: 0.792, data_time: 0.155, memory: 5984, loss_rpn_cls: nan, loss_rpn_bbox: nan, loss_rpn_seg: nan, loss_cls: nan, acc: 0.0000, loss_bbox: nan, loss: nan, grad_norm: nan
2020-11-16 10:53:48,013 - mmdet - INFO - Epoch [1][51/1072]	lr: 1.009e-03, eta: 3:15:36, time: 0.874, data_time: 0.204, memory: 5984, loss_rpn_cls: nan, loss_rpn_bbox: nan, loss_rpn_seg: nan, loss_cls: nan, acc: 0.0434, loss_bbox: nan, loss: nan, grad_norm: nan
2020-11-16 10:53:48,849 - mmdet - INFO - Epoch [1][52/1072]	lr: 1.029e-03, eta: 3:15:15, time: 0.836, data_time: 0.166, memory: 5984, loss_rpn_cls: nan, loss_rpn_bbox: nan, loss_rpn_seg: nan, loss_cls: nan, acc: 0.0000, loss_bbox: nan, loss: nan, grad_norm: nan
2020-11-16 10:53:49,698 - mmdet - INFO - Epoch [1][53/1072]	lr: 1.049e-03, eta: 3:14:57, time: 0.844, data_time: 0.157, memory: 5984, loss_rpn_cls: nan, loss_rpn_bbox: nan, loss_rpn_seg: nan, loss_cls: nan, acc: 0.0434, loss_bbox: nan, loss: nan, grad_norm: nan
2020-11-16 10:53:50,579 - mmdet - INFO - Epoch [1][54/1072]	lr: 1.069e-03, eta: 3:14:50, time: 0.886, data_time: 0.178, memory: 5984, loss_rpn_cls: nan, loss_rpn_bbox: nan, loss_rpn_seg: nan, loss_cls: nan, acc: 0.0000, loss_bbox: nan, loss: nan, grad_norm: nan
2020-11-16 10:53:51,417 - mmdet - INFO - Epoch [1][55/1072]	lr: 1.089e-03, eta: 3:14:31, time: 0.836, data_time: 0.175, memory: 5984, loss_rpn_cls: nan, loss_rpn_bbox: nan, loss_rpn_seg: nan, loss_cls: nan, acc: 0.0000, loss_bbox: nan, loss: nan, grad_norm: nan
2020-11-16 10:53:52,240 - mmdet - INFO - Epoch [1][56/1072]	lr: 1.109e-03, eta: 3:14:11, time: 0.826, data_time: 0.185, memory: 5984, loss_rpn_cls: nan, loss_rpn_bbox: nan, loss_rpn_seg: nan, loss_cls: nan, acc: 0.1085, loss_bbox: nan, loss: nan, grad_norm: nan
2020-11-16 10:53:53,049 - mmdet - INFO - Epoch [1][57/1072]	lr: 1.129e-03, eta: 3:13:47, time: 0.807, data_time: 0.154, memory: 5984, loss_rpn_cls: nan, loss_rpn_bbox: nan, loss_rpn_seg: nan, loss_cls: nan, acc: 0.0000, loss_bbox: nan, loss: nan, grad_norm: nan
2020-11-16 10:53:53,835 - mmdet - INFO - Epoch [1][58/1072]	lr: 1.149e-03, eta: 3:13:18, time: 0.780, data_time: 0.175, memory: 5984, loss_rpn_cls: nan, loss_rpn_bbox: nan, loss_rpn_seg: nan, loss_cls: nan, acc: 0.0000, loss_bbox: nan, loss: nan, grad_norm: nan
2020-11-16 10:53:54,629 - mmdet - INFO - Epoch [1][59/1072]	lr: 1.169e-03, eta: 3:12:54, time: 0.799, data_time: 0.159, memory: 5984, loss_rpn_cls: nan, loss_rpn_bbox: nan, loss_rpn_seg: nan, loss_cls: nan, acc: 0.0000, loss_bbox: nan, loss: nan, grad_norm: nan
2020-11-16 10:53:55,454 - mmdet - INFO - Epoch [1][60/1072]	lr: 1.189e-03, eta: 3:12:36, time: 0.827, data_time: 0.176, memory: 5984, loss_rpn_cls: nan, loss_rpn_bbox: nan, loss_rpn_seg: nan, loss_cls: nan, acc: 0.0000, loss_bbox: nan, loss: nan, grad_norm: nan
2020-11-16 10:53:56,346 - mmdet - INFO - Epoch [1][61/1072]	lr: 1.209e-03, eta: 3:12:33, time: 0.892, data_time: 0.187, memory: 5984, loss_rpn_cls: nan, loss_rpn_bbox: nan, loss_rpn_seg: nan, loss_cls: nan, acc: 0.0000, loss_bbox: nan, loss: nan, grad_norm: nan
2020-11-16 10:53:57,176 - mmdet - INFO - Epoch [1][62/1072]	lr: 1.229e-03, eta: 3:12:17, time: 0.830, data_time: 0.173, memory: 5984, loss_rpn_cls: nan, loss_rpn_bbox: nan, loss_rpn_seg: nan, loss_cls: nan, acc: 0.0217, loss_bbox: nan, loss: nan, grad_norm: nan
2020-11-16 10:53:58,050 - mmdet - INFO - Epoch [1][63/1072]	lr: 1.249e-03, eta: 3:12:11, time: 0.873, data_time: 0.180, memory: 5984, loss_rpn_cls: nan, loss_rpn_bbox: nan, loss_rpn_seg: nan, loss_cls: nan, acc: 0.0651, loss_bbox: nan, loss: nan, grad_norm: nan
2020-11-16 10:53:58,860 - mmdet - INFO - Epoch [1][64/1072]	lr: 1.269e-03, eta: 3:11:51, time: 0.809, data_time: 0.157, memory: 5984, loss_rpn_cls: nan, loss_rpn_bbox: nan, loss_rpn_seg: nan, loss_cls: nan, acc: 0.0217, loss_bbox: nan, loss: nan, grad_norm: nan
2020-11-16 10:53:59,770 - mmdet - INFO - Epoch [1][65/1072]	lr: 1.289e-03, eta: 3:11:53, time: 0.910, data_time: 0.213, memory: 5984, loss_rpn_cls: nan, loss_rpn_bbox: nan, loss_rpn_seg: nan, loss_cls: nan, acc: 0.0000, loss_bbox: nan, loss: nan, grad_norm: nan
2020-11-16 10:54:00,620 - mmdet - INFO - Epoch [1][66/1072]	lr: 1.309e-03, eta: 3:11:42, time: 0.851, data_time: 0.193, memory: 5984, loss_rpn_cls: nan, loss_rpn_bbox: nan, loss_rpn_seg: nan, loss_cls: nan, acc: 0.0434, loss_bbox: nan, loss: nan, grad_norm: nan
2020-11-16 10:54:01,472 - mmdet - INFO - Epoch [1][67/1072]	lr: 1.329e-03, eta: 3:11:30, time: 0.839, data_time: 0.185, memory: 5984, loss_rpn_cls: nan, loss_rpn_bbox: nan, loss_rpn_seg: nan, loss_cls: nan, acc: 0.0217, loss_bbox: nan, loss: nan, grad_norm: nan
2020-11-16 10:54:02,256 - mmdet - INFO - Epoch [1][68/1072]	lr: 1.349e-03, eta: 3:11:09, time: 0.793, data_time: 0.186, memory: 5984, loss_rpn_cls: nan, loss_rpn_bbox: nan, loss_rpn_seg: nan, loss_cls: nan, acc: 0.0000, loss_bbox: nan, loss: nan, grad_norm: nan
2020-11-16 10:54:03,111 - mmdet - INFO - Epoch [1][69/1072]	lr: 1.369e-03, eta: 3:11:01, time: 0.858, data_time: 0.173, memory: 5984, loss_rpn_cls: nan, loss_rpn_bbox: nan, loss_rpn_seg: nan, loss_cls: nan, acc: 0.0000, loss_bbox: nan, loss: nan, grad_norm: nan
2020-11-16 10:54:03,955 - mmdet - INFO - Epoch [1][70/1072]	lr: 1.389e-03, eta: 3:10:51, time: 0.846, data_time: 0.184, memory: 5984, loss_rpn_cls: nan, loss_rpn_bbox: nan, loss_rpn_seg: nan, loss_cls: nan, acc: 0.0000, loss_bbox: nan, loss: nan, grad_norm: nan
2020-11-16 10:54:04,811 - mmdet - INFO - Epoch [1][71/1072]	lr: 1.409e-03, eta: 3:10:42, time: 0.851, data_time: 0.197, memory: 5984, loss_rpn_cls: nan, loss_rpn_bbox: nan, loss_rpn_seg: nan, loss_cls: nan, acc: 0.0217, loss_bbox: nan, loss: nan, grad_norm: nan
2020-11-16 10:54:05,746 - mmdet - INFO - Epoch [1][72/1072]	lr: 1.429e-03, eta: 3:10:49, time: 0.937, data_time: 0.217, memory: 5984, loss_rpn_cls: nan, loss_rpn_bbox: nan, loss_rpn_seg: nan, loss_cls: nan, acc: 0.0217, loss_bbox: nan, loss: nan, grad_norm: nan
2020-11-16 10:54:06,571 - mmdet - INFO - Epoch [1][73/1072]	lr: 1.449e-03, eta: 3:10:36, time: 0.828, data_time: 0.162, memory: 5984, loss_rpn_cls: nan, loss_rpn_bbox: nan, loss_rpn_seg: nan, loss_cls: nan, acc: 0.0000, loss_bbox: nan, loss: nan, grad_norm: nan
2020-11-16 10:54:07,411 - mmdet - INFO - Epoch [1][74/1072]	lr: 1.469e-03, eta: 3:10:26, time: 0.836, data_time: 0.194, memory: 5984, loss_rpn_cls: nan, loss_rpn_bbox: nan, loss_rpn_seg: nan, loss_cls: nan, acc: 0.0000, loss_bbox: nan, loss: nan, grad_norm: nan
